[22:10:28.456 ERROR]  showno such user, or user login or password is incorrect
[22:31:10.299 ERROR]  infono such user, or user login or password is incorrect
[23:12:14.762 ERROR] wrong command
[23:23:35.879 ERROR] wrong command
[23:23:41.842 ERROR]  showno such user, or user login or password is incorrect
[23:23:48.823 ERROR]  Jack  loginlogin or password is incorrect
[23:23:49.353 ERROR] wrong command
[23:23:52.660 ERROR]  showno such user, or user login or password is incorrect
[23:24:04.847 ERROR]  roma  loginlogin or password is incorrect
[23:25:46.521 ERROR]  jaj  loginlogin or password is incorrect
[23:27:34.857 ERROR] wrong command
[23:34:56.643 ERROR] wrong command
[23:34:58.231 ERROR]  helpno such user, or user login or password is incorrect
[23:35:04.671 ERROR]  loginlogin or password is incorrect
[23:36:51.071 ERROR]  showno such user, or user login or password is incorrect
[01:14:02.309 ERROR] wrong command
[01:14:04.439 ERROR]  showno such user, or user login or password is incorrect
[01:19:46.860 ERROR]  showno such user, or user login or password is incorrect
[01:19:57.130 ERROR]  user  loginlogin or password is incorrect
[02:17:22.775 ERROR]  showno such user, or user login or password is incorrect
[16:47:50.052 ERROR]  infono such user, or user login or password is incorrect
[19:14:42.884 ERROR] received data is damaged
[19:22:53.190 ERROR] received data is damaged
[19:57:46.272 ERROR] received data is damaged
[20:01:26.212 ERROR] received data is damaged
[20:02:46.655 ERROR] received data is damaged
[20:04:35.130 ERROR] received data is damaged
[20:10:49.821 ERROR] received data is damaged
[20:19:15.751 ERROR] received data is damaged
[20:22:10.128 ERROR] received data is damaged
[20:22:45.620 ERROR] received data is damaged
[20:35:20.706 ERROR] received data is damaged
[20:42:09.691 ERROR] received data is damaged
[20:44:46.565 ERROR] received data is damaged
[20:58:57.317 ERROR] wrong command
[20:58:59.217 ERROR]  showno such user, or user login or password is incorrect
[21:12:49.500 ERROR] wrong command
[21:14:02.608 ERROR] wrong command
[21:15:16.460 ERROR]  rwrong command
[21:15:24.534 ERROR] wrong command
[21:15:47.022 ERROR] wrong command
[21:16:02.866 ERROR] wrong command
[21:16:05.063 ERROR]  showno such user, or user login or password is incorrect
[21:22:33.836 ERROR] wrong command
[21:22:35.760 ERROR]  showno such user, or user login or password is incorrect
[21:32:30.069 ERROR] wrong command
[21:32:31.301 ERROR]  showno such user, or user login or password is incorrect
[21:32:46.093 ERROR]  addno such user, or user login or password is incorrect
